0 info it worked if it ends with ok
1 verbose cli [ 'C:\\Program Files\\nodejs\\node.exe',
1 verbose cli   'C:\\Users\\Shejz\\AppData\\Roaming\\npm\\node_modules\\npm\\bin\\npm-cli.js',
1 verbose cli   'start' ]
2 info using npm@3.10.10
3 info using node@v10.15.0
4 verbose run-script [ 'prestart', 'start', 'poststart' ]
5 info lifecycle pic-search-app@0.1.0~prestart: pic-search-app@0.1.0
6 silly lifecycle pic-search-app@0.1.0~prestart: no script for prestart, continuing
7 info lifecycle pic-search-app@0.1.0~start: pic-search-app@0.1.0
8 verbose lifecycle pic-search-app@0.1.0~start: unsafe-perm in lifecycle true
9 verbose lifecycle pic-search-app@0.1.0~start: PATH: C:\Users\Shejz\AppData\Roaming\npm\node_modules\npm\bin\node-gyp-bin;C:\Users\Shejz\react-apps\pic-search-app\node_modules\.bin;C:\WINDOWS\system32;C:\WINDOWS;C:\WINDOWS\System32\Wbem;C:\WINDOWS\System32\WindowsPowerShell\v1.0\;C:\Program Files\Git\cmd;C:\xampp\php;C:\ProgramData\ComposerSetup\bin;C:\Program Files\PuTTY\;C:\WINDOWS\System32\OpenSSH\;C:\Program Files\Microsoft\Web Platform Installer\;C:\Program Files (x86)\Microsoft SDKs\Azure\CLI\wbin;C:\Program Files\nodejs\;C:\Program Files\MongoDB\Server\4.0\bin;C:\Ruby25-x64\bin;C:\Users\Shejz\AppData\Local\Microsoft\WindowsApps;C:\Users\Shejz\AppData\Roaming\Composer\vendor\bin;C:\Users\Shejz\AppData\Local\Microsoft\WindowsApps;C:\Users\Shejz\AppData\Roaming\npm;C:\Program Files\JetBrains\WebStorm 2018.3.4\bin;C:\Users\Shejz\AppData\Local\GitHubDesktop\bin;C:\Program Files\heroku\bin;C:\Users\Shejz\AppData\Local\Programs\Microsoft VS Code\bin
10 verbose lifecycle pic-search-app@0.1.0~start: CWD: C:\Users\Shejz\react-apps\pic-search-app
11 silly lifecycle pic-search-app@0.1.0~start: Args: [ '/d /s /c', 'react-scripts start' ]
12 silly lifecycle pic-search-app@0.1.0~start: Returned: code: 3221225786  signal: null
13 info lifecycle pic-search-app@0.1.0~start: Failed to exec start script
14 verbose stack Error: pic-search-app@0.1.0 start: `react-scripts start`
14 verbose stack Exit status 3221225786
14 verbose stack     at EventEmitter.<anonymous> (C:\Users\Shejz\AppData\Roaming\npm\node_modules\npm\lib\utils\lifecycle.js:255:16)
14 verbose stack     at EventEmitter.emit (events.js:182:13)
14 verbose stack     at ChildProcess.<anonymous> (C:\Users\Shejz\AppData\Roaming\npm\node_modules\npm\lib\utils\spawn.js:40:14)
14 verbose stack     at ChildProcess.emit (events.js:182:13)
14 verbose stack     at maybeClose (internal/child_process.js:962:16)
14 verbose stack     at Process.ChildProcess._handle.onexit (internal/child_process.js:251:5)
15 verbose pkgid pic-search-app@0.1.0
16 verbose cwd C:\Users\Shejz\react-apps\pic-search-app
17 error Windows_NT 10.0.17134
18 error argv "C:\\Program Files\\nodejs\\node.exe" "C:\\Users\\Shejz\\AppData\\Roaming\\npm\\node_modules\\npm\\bin\\npm-cli.js" "start"
19 error node v10.15.0
20 error npm  v3.10.10
21 error code ELIFECYCLE
22 error pic-search-app@0.1.0 start: `react-scripts start`
22 error Exit status 3221225786
23 error Failed at the pic-search-app@0.1.0 start script 'react-scripts start'.
23 error Make sure you have the latest version of node.js and npm installed.
23 error If you do, this is most likely a problem with the pic-search-app package,
23 error not with npm itself.
23 error Tell the author that this fails on your system:
23 error     react-scripts start
23 error You can get information on how to open an issue for this project with:
23 error     npm bugs pic-search-app
23 error Or if that isn't available, you can get their info via:
23 error     npm owner ls pic-search-app
23 error There is likely additional logging output above.
24 verbose exit [ 1, true ]
